<?xml version="1.0" encoding="UTF-8"?>
<testsuite xmlns:xsi="http://www.w3.org/2001/XMLSchema-instance" xsi:noNamespaceSchemaLocation="https://maven.apache.org/surefire/maven-surefire-plugin/xsd/surefire-test-report-3.0.xsd" version="3.0" name="UrlTests" time="0.046" tests="42" errors="0" skipped="0" failures="0">
  <properties>
    <property name="awt.toolkit" value="sun.awt.X11.XToolkit"/>
    <property name="java.specification.version" value="12"/>
    <property name="sun.jnu.encoding" value="UTF-8"/>
    <property name="java.class.path" value="/home/alex/Documents/Studium/FH/Informatik/Semester3/SWE1/Server/target/test-classes:/home/alex/Documents/Studium/FH/Informatik/Semester3/SWE1/Server/target/classes:/home/alex/.m2/repository/org/junit/jupiter/junit-jupiter-engine/5.5.2/junit-jupiter-engine-5.5.2.jar:/home/alex/.m2/repository/org/apiguardian/apiguardian-api/1.1.0/apiguardian-api-1.1.0.jar:/home/alex/.m2/repository/org/junit/platform/junit-platform-engine/1.5.2/junit-platform-engine-1.5.2.jar:/home/alex/.m2/repository/org/opentest4j/opentest4j/1.2.0/opentest4j-1.2.0.jar:/home/alex/.m2/repository/org/junit/platform/junit-platform-commons/1.5.2/junit-platform-commons-1.5.2.jar:/home/alex/.m2/repository/org/junit/jupiter/junit-jupiter-api/5.5.2/junit-jupiter-api-5.5.2.jar:/home/alex/.m2/repository/org/hamcrest/hamcrest-library/2.1/hamcrest-library-2.1.jar:/home/alex/.m2/repository/org/hamcrest/hamcrest-core/2.1/hamcrest-core-2.1.jar:/home/alex/.m2/repository/org/hamcrest/hamcrest/2.1/hamcrest-2.1.jar:"/>
    <property name="java.vm.vendor" value="Oracle Corporation"/>
    <property name="sun.arch.data.model" value="64"/>
    <property name="java.vendor.url" value="https://java.oracle.com/"/>
    <property name="os.name" value="Linux"/>
    <property name="java.vm.specification.version" value="12"/>
    <property name="sun.java.launcher" value="SUN_STANDARD"/>
    <property name="user.country" value="US"/>
    <property name="sun.boot.library.path" value="/usr/java/jdk-12.0.2/lib"/>
    <property name="sun.java.command" value="/home/alex/Documents/Studium/FH/Informatik/Semester3/SWE1/Server/target/surefire/surefirebooter18159828795193454241.jar /home/alex/Documents/Studium/FH/Informatik/Semester3/SWE1/Server/target/surefire 2020-05-18T13-36-35_809-jvmRun1 surefire1093138680677865552tmp surefire_06548031451559639554tmp"/>
    <property name="jdk.debug" value="release"/>
    <property name="surefire.test.class.path" value="/home/alex/Documents/Studium/FH/Informatik/Semester3/SWE1/Server/target/test-classes:/home/alex/Documents/Studium/FH/Informatik/Semester3/SWE1/Server/target/classes:/home/alex/.m2/repository/org/junit/jupiter/junit-jupiter-engine/5.5.2/junit-jupiter-engine-5.5.2.jar:/home/alex/.m2/repository/org/apiguardian/apiguardian-api/1.1.0/apiguardian-api-1.1.0.jar:/home/alex/.m2/repository/org/junit/platform/junit-platform-engine/1.5.2/junit-platform-engine-1.5.2.jar:/home/alex/.m2/repository/org/opentest4j/opentest4j/1.2.0/opentest4j-1.2.0.jar:/home/alex/.m2/repository/org/junit/platform/junit-platform-commons/1.5.2/junit-platform-commons-1.5.2.jar:/home/alex/.m2/repository/org/junit/jupiter/junit-jupiter-api/5.5.2/junit-jupiter-api-5.5.2.jar:/home/alex/.m2/repository/org/hamcrest/hamcrest-library/2.1/hamcrest-library-2.1.jar:/home/alex/.m2/repository/org/hamcrest/hamcrest-core/2.1/hamcrest-core-2.1.jar:/home/alex/.m2/repository/org/hamcrest/hamcrest/2.1/hamcrest-2.1.jar:"/>
    <property name="sun.cpu.endian" value="little"/>
    <property name="user.home" value="/home/alex"/>
    <property name="user.language" value="en"/>
    <property name="java.specification.vendor" value="Oracle Corporation"/>
    <property name="java.version.date" value="2019-07-16"/>
    <property name="java.home" value="/usr/java/jdk-12.0.2"/>
    <property name="file.separator" value="/"/>
    <property name="basedir" value="/home/alex/Documents/Studium/FH/Informatik/Semester3/SWE1/Server"/>
    <property name="java.vm.compressedOopsMode" value="Zero based"/>
    <property name="line.separator" value="&#10;"/>
    <property name="java.vm.specification.vendor" value="Oracle Corporation"/>
    <property name="java.specification.name" value="Java Platform API Specification"/>
    <property name="java.awt.graphicsenv" value="sun.awt.X11GraphicsEnvironment"/>
    <property name="idea.version2020.1.1" value="true"/>
    <property name="surefire.real.class.path" value="/home/alex/Documents/Studium/FH/Informatik/Semester3/SWE1/Server/target/surefire/surefirebooter18159828795193454241.jar"/>
    <property name="sun.management.compiler" value="HotSpot 64-Bit Tiered Compilers"/>
    <property name="java.runtime.version" value="12.0.2+10"/>
    <property name="user.name" value="alex"/>
    <property name="path.separator" value=":"/>
    <property name="os.version" value="5.6.8-100.fc30.x86_64"/>
    <property name="java.runtime.name" value="Java(TM) SE Runtime Environment"/>
    <property name="file.encoding" value="UTF-8"/>
    <property name="java.vm.name" value="Java HotSpot(TM) 64-Bit Server VM"/>
    <property name="localRepository" value="/home/alex/.m2/repository"/>
    <property name="java.vendor.url.bug" value="https://bugreport.java.com/bugreport/"/>
    <property name="java.io.tmpdir" value="/tmp"/>
    <property name="java.version" value="12.0.2"/>
    <property name="user.dir" value="/home/alex/Documents/Studium/FH/Informatik/Semester3/SWE1/Server"/>
    <property name="os.arch" value="amd64"/>
    <property name="java.vm.specification.name" value="Java Virtual Machine Specification"/>
    <property name="java.library.path" value="/usr/java/packages/lib:/usr/lib64:/lib64:/lib:/usr/lib"/>
    <property name="java.vm.info" value="mixed mode, sharing"/>
    <property name="java.vendor" value="Oracle Corporation"/>
    <property name="java.vm.version" value="12.0.2+10"/>
    <property name="sun.io.unicode.encoding" value="UnicodeLittle"/>
    <property name="java.class.version" value="56.0"/>
  </properties>
  <testcase name="getFileNameNone" classname="UrlTests" time="0.014"/>
  <testcase name="getRawUrlNull" classname="UrlTests" time="0"/>
  <testcase name="getRawUrl01" classname="UrlTests" time="0.001"/>
  <testcase name="getRawUrl02" classname="UrlTests" time="0.001"/>
  <testcase name="getRawUrl03" classname="UrlTests" time="0"/>
  <testcase name="getSegment01" classname="UrlTests" time="0.001"/>
  <testcase name="getSegment02" classname="UrlTests" time="0"/>
  <testcase name="getSegment03" classname="UrlTests" time="0"/>
  <testcase name="getSegment04" classname="UrlTests" time="0.001"/>
  <testcase name="getParameterNull" classname="UrlTests" time="0.001"/>
  <testcase name="getFragment01" classname="UrlTests" time="0"/>
  <testcase name="getFragment02" classname="UrlTests" time="0"/>
  <testcase name="getFragment03" classname="UrlTests" time="0"/>
  <testcase name="getPathNull" classname="UrlTests" time="0"/>
  <testcase name="getExtension01" classname="UrlTests" time="0.001"/>
  <testcase name="getExtension02" classname="UrlTests" time="0.001"/>
  <testcase name="getExtension03" classname="UrlTests" time="0.001"/>
  <testcase name="getPathEmpty" classname="UrlTests" time="0"/>
  <testcase name="getExtensionEmpty" classname="UrlTests" time="0.001"/>
  <testcase name="getFileNameEmpty01" classname="UrlTests" time="0"/>
  <testcase name="getFileNameEmpty02" classname="UrlTests" time="0"/>
  <testcase name="getExtensionNone" classname="UrlTests" time="0.001"/>
  <testcase name="getSegmentEmpty01" classname="UrlTests" time="0"/>
  <testcase name="getSegmentEmpty02" classname="UrlTests" time="0"/>
  <testcase name="getParameter01" classname="UrlTests" time="0.001"/>
  <testcase name="getParameter02" classname="UrlTests" time="0"/>
  <testcase name="getParameter03" classname="UrlTests" time="0.001"/>
  <testcase name="getPath01" classname="UrlTests" time="0"/>
  <testcase name="getPath02" classname="UrlTests" time="0"/>
  <testcase name="getPath03" classname="UrlTests" time="0.001"/>
  <testcase name="getParameterEmpty" classname="UrlTests" time="0"/>
  <testcase name="getParameterCountEmpty" classname="UrlTests" time="0.001"/>
  <testcase name="getParameterCountNull" classname="UrlTests" time="0"/>
  <testcase name="getFragmentEmpty01" classname="UrlTests" time="0.001"/>
  <testcase name="getFragmentEmpty02" classname="UrlTests" time="0"/>
  <testcase name="getFileName01" classname="UrlTests" time="0"/>
  <testcase name="getFileName02" classname="UrlTests" time="0.001"/>
  <testcase name="getRawUrlEmpty" classname="UrlTests" time="0.001"/>
  <testcase name="getParameterCount01" classname="UrlTests" time="0"/>
  <testcase name="getParameterCount02" classname="UrlTests" time="0.001"/>
  <testcase name="getParameterCount03" classname="UrlTests" time="0"/>
  <testcase name="getParameterCount04" classname="UrlTests" time="0"/>
</testsuite>